[debug] [2022-01-03T06:14:49.114Z] ----------------------------------------------------------------------
[debug] [2022-01-03T06:14:49.117Z] Command:       /usr/bin/node /usr/local/bin/firebase emulators:start
[debug] [2022-01-03T06:14:49.117Z] CLI Version:   10.0.1
[debug] [2022-01-03T06:14:49.117Z] Platform:      linux
[debug] [2022-01-03T06:14:49.117Z] Node Version:  v14.18.2
[debug] [2022-01-03T06:14:49.118Z] Time:          Mon Jan 03 2022 11:14:49 GMT+0500 (Pakistan Standard Time)
[debug] [2022-01-03T06:14:49.118Z] ----------------------------------------------------------------------
[debug] 
[debug] [2022-01-03T06:14:49.180Z] > command requires scopes: ["email","openid","https://www.googleapis.com/auth/cloudplatformprojects.readonly","https://www.googleapis.com/auth/firebase","https://www.googleapis.com/auth/cloud-platform"]
[debug] [2022-01-03T06:14:49.180Z] > authorizing via signed-in user (yato7723@gmail.com)
[info] i  emulators: Starting emulators: functions, hosting {"metadata":{"emulator":{"name":"hub"},"message":"Starting emulators: functions, hosting"}}
[debug] [2022-01-03T06:14:49.203Z] [hub] writing locator at /tmp/hub-challenge-9bd86.json
[warn] ⚠  functions: The following emulators are not running, calls to these services from the Functions emulator will affect production: auth, firestore, database, pubsub, storage {"metadata":{"emulator":{"name":"functions"},"message":"The following emulators are not running, calls to these services from the Functions emulator will affect production: \u001b[1mauth, firestore, database, pubsub, storage\u001b[22m"}}
[warn] ⚠  Your requested "node" version "16" doesn't match your global version "14" {"metadata":{"emulator":{"name":"functions"},"message":"Your requested \"node\" version \"16\" doesn't match your global version \"14\""}}
[debug] [2022-01-03T06:14:49.395Z] defaultcredentials: writing to file /home/tayyab/.config/firebase/yato7723_gmail_com_application_default_credentials.json
[debug] [2022-01-03T06:14:49.397Z] Setting GAC to /home/tayyab/.config/firebase/yato7723_gmail_com_application_default_credentials.json {"metadata":{"emulator":{"name":"functions"},"message":"Setting GAC to /home/tayyab/.config/firebase/yato7723_gmail_com_application_default_credentials.json"}}
[debug] [2022-01-03T06:14:49.399Z] >>> [apiv2][query] GET https://firebase.googleapis.com/v1beta1/projects/challenge-9bd86/adminSdkConfig [none]
[debug] [2022-01-03T06:14:49.929Z] <<< [apiv2][status] GET https://firebase.googleapis.com/v1beta1/projects/challenge-9bd86/adminSdkConfig 200
[debug] [2022-01-03T06:14:49.930Z] <<< [apiv2][body] GET https://firebase.googleapis.com/v1beta1/projects/challenge-9bd86/adminSdkConfig {"projectId":"challenge-9bd86","storageBucket":"challenge-9bd86.appspot.com"}
[debug] [2022-01-03T06:14:49.971Z] >>> [apiv2][query] GET https://firebasehosting.googleapis.com/v1beta1/projects/challenge-9bd86/sites 
[debug] [2022-01-03T06:14:51.722Z] <<< [apiv2][status] GET https://firebasehosting.googleapis.com/v1beta1/projects/challenge-9bd86/sites 200
[debug] [2022-01-03T06:14:51.722Z] <<< [apiv2][body] GET https://firebasehosting.googleapis.com/v1beta1/projects/challenge-9bd86/sites {"sites":[{"name":"projects/832179493578/sites/challenge-9bd86","defaultUrl":"https://challenge-9bd86.web.app","appId":"1:832179493578:web:9e9a54b595b412798fb233","type":"DEFAULT_SITE"}]}
[debug] [2022-01-03T06:14:51.722Z] >>> [apiv2][query] GET https://firebase.googleapis.com/v1beta1/projects/challenge-9bd86/webApps/1:832179493578:web:9e9a54b595b412798fb233/config [none]
[debug] [2022-01-03T06:14:52.880Z] <<< [apiv2][status] GET https://firebase.googleapis.com/v1beta1/projects/challenge-9bd86/webApps/1:832179493578:web:9e9a54b595b412798fb233/config 200
[debug] [2022-01-03T06:14:52.880Z] <<< [apiv2][body] GET https://firebase.googleapis.com/v1beta1/projects/challenge-9bd86/webApps/1:832179493578:web:9e9a54b595b412798fb233/config {"projectId":"challenge-9bd86","appId":"1:832179493578:web:9e9a54b595b412798fb233","storageBucket":"challenge-9bd86.appspot.com","apiKey":"AIzaSyCcV4ZH8KOaMczHbb4DYme67YPcmMRD_hA","authDomain":"challenge-9bd86.firebaseapp.com","messagingSenderId":"832179493578","measurementId":"G-0985WJGYJL"}
[info] i  hosting: Serving hosting files from: build {"metadata":{"emulator":{"name":"hosting"},"message":"Serving hosting files from: \u001b[1mbuild\u001b[22m"}}
[info] ✔  hosting: Local server: http://localhost:5000 {"metadata":{"emulator":{"name":"hosting"},"message":"Local server: \u001b[4m\u001b[1mhttp://localhost:5000\u001b[22m\u001b[24m"}}
[debug] [2022-01-03T06:14:53.001Z] Ignoring unsupported arg: auto_download {"metadata":{"emulator":{"name":"ui"},"message":"Ignoring unsupported arg: auto_download"}}
[debug] [2022-01-03T06:14:53.002Z] Ignoring unsupported arg: port {"metadata":{"emulator":{"name":"ui"},"message":"Ignoring unsupported arg: port"}}
[debug] [2022-01-03T06:14:53.002Z] Starting Emulator UI with command {"binary":"node","args":["/home/tayyab/.cache/firebase/emulators/ui-v1.6.4/server.bundle.js"],"optionalArgs":[],"joinArgs":false} {"metadata":{"emulator":{"name":"ui"},"message":"Starting Emulator UI with command {\"binary\":\"node\",\"args\":[\"/home/tayyab/.cache/firebase/emulators/ui-v1.6.4/server.bundle.js\"],\"optionalArgs\":[],\"joinArgs\":false}"}}
[info] i  ui: Emulator UI logging to ui-debug.log {"metadata":{"emulator":{"name":"ui"},"message":"Emulator UI logging to \u001b[1mui-debug.log\u001b[22m"}}
[debug] [2022-01-03T06:14:53.122Z] Web / API server started at localhost:4000
 {"metadata":{"emulator":{"name":"ui"},"message":"Web / API server started at localhost:4000\n"}}
[info] i  functions: Watching "/home/tayyab/Documents/react/amazon-clone/functions" for Cloud Functions... {"metadata":{"emulator":{"name":"functions"},"message":"Watching \"/home/tayyab/Documents/react/amazon-clone/functions\" for Cloud Functions..."}}
[debug] [2022-01-03T06:14:53.284Z] [worker-pool] addWorker(~diagnostic~) {"metadata":{"emulator":{"name":"functions"},"message":"[worker-pool] addWorker(~diagnostic~)"}}
[debug] [2022-01-03T06:14:53.284Z] [worker-pool] Adding worker with key ~diagnostic~, total=1 {"metadata":{"emulator":{"name":"functions"},"message":"[worker-pool] Adding worker with key ~diagnostic~, total=1"}}
[debug] [2022-01-03T06:14:53.285Z] [worker-pool] submitWork(triggerId=) {"metadata":{"emulator":{"name":"functions"},"message":"[worker-pool] submitWork(triggerId=)"}}
[debug] [2022-01-03T06:14:53.285Z] [worker-~diagnostic~-8b9fdb07-a845-49e3-8706-f94d84a18658]: Assigning socketPath: /tmp/fire_emu_5763.sock {"metadata":{"emulator":{"name":"functions"},"message":"[worker-~diagnostic~-8b9fdb07-a845-49e3-8706-f94d84a18658]: Assigning socketPath: /tmp/fire_emu_5763.sock"}}
[debug] [2022-01-03T06:14:53.286Z] [worker-~diagnostic~-8b9fdb07-a845-49e3-8706-f94d84a18658]: BUSY {"metadata":{"emulator":{"name":"functions"},"message":"[worker-~diagnostic~-8b9fdb07-a845-49e3-8706-f94d84a18658]: BUSY"}}
[debug] [2022-01-03T06:14:53.405Z] [runtime-status] [5763] Functions runtime initialized. {"cwd":"/home/tayyab/Documents/react/amazon-clone/functions","node_version":"14.18.2"} {"metadata":{"emulator":{"name":"functions"},"message":"[runtime-status] [5763] Functions runtime initialized. {\"cwd\":\"/home/tayyab/Documents/react/amazon-clone/functions\",\"node_version\":\"14.18.2\"}"}}
[debug] [2022-01-03T06:14:53.407Z] [runtime-status] [5763] Disabled runtime features: undefined {"metadata":{"emulator":{"name":"functions"},"message":"[runtime-status] [5763] Disabled runtime features: undefined"}}
[debug] [2022-01-03T06:14:53.408Z] [runtime-status] [5763] Resolved module firebase-admin {"declared":true,"installed":true,"version":"9.12.0","resolution":"/home/tayyab/Documents/react/amazon-clone/functions/node_modules/firebase-admin/lib/index.js"} {"metadata":{"emulator":{"name":"functions"},"message":"[runtime-status] [5763] Resolved module firebase-admin {\"declared\":true,\"installed\":true,\"version\":\"9.12.0\",\"resolution\":\"/home/tayyab/Documents/react/amazon-clone/functions/node_modules/firebase-admin/lib/index.js\"}"}}
[debug] [2022-01-03T06:14:53.410Z] [runtime-status] [5763] Resolved module firebase-functions {"declared":true,"installed":true,"version":"3.16.0","resolution":"/home/tayyab/Documents/react/amazon-clone/functions/node_modules/firebase-functions/lib/index.js"} {"metadata":{"emulator":{"name":"functions"},"message":"[runtime-status] [5763] Resolved module firebase-functions {\"declared\":true,\"installed\":true,\"version\":\"3.16.0\",\"resolution\":\"/home/tayyab/Documents/react/amazon-clone/functions/node_modules/firebase-functions/lib/index.js\"}"}}
[debug] [2022-01-03T06:14:53.412Z] [runtime-status] [5763] Outgoing network have been stubbed. [{"name":"http","status":"mocked"},{"name":"http","status":"mocked"},{"name":"https","status":"mocked"},{"name":"https","status":"mocked"},{"name":"net","status":"mocked"}] {"metadata":{"emulator":{"name":"functions"},"message":"[runtime-status] [5763] Outgoing network have been stubbed. [{\"name\":\"http\",\"status\":\"mocked\"},{\"name\":\"http\",\"status\":\"mocked\"},{\"name\":\"https\",\"status\":\"mocked\"},{\"name\":\"https\",\"status\":\"mocked\"},{\"name\":\"net\",\"status\":\"mocked\"}]"}}
[debug] [2022-01-03T06:14:53.413Z] [runtime-status] [5763] Resolved module firebase-functions {"declared":true,"installed":true,"version":"3.16.0","resolution":"/home/tayyab/Documents/react/amazon-clone/functions/node_modules/firebase-functions/lib/index.js"} {"metadata":{"emulator":{"name":"functions"},"message":"[runtime-status] [5763] Resolved module firebase-functions {\"declared\":true,\"installed\":true,\"version\":\"3.16.0\",\"resolution\":\"/home/tayyab/Documents/react/amazon-clone/functions/node_modules/firebase-functions/lib/index.js\"}"}}
[debug] [2022-01-03T06:14:53.451Z] [runtime-status] [5763] Checked functions.config() {"config":{}} {"metadata":{"emulator":{"name":"functions"},"message":"[runtime-status] [5763] Checked functions.config() {\"config\":{}}"}}
[debug] [2022-01-03T06:14:53.452Z] [runtime-status] [5763] firebase-functions has been stubbed. {"functionsResolution":{"declared":true,"installed":true,"version":"3.16.0","resolution":"/home/tayyab/Documents/react/amazon-clone/functions/node_modules/firebase-functions/lib/index.js"}} {"metadata":{"emulator":{"name":"functions"},"message":"[runtime-status] [5763] firebase-functions has been stubbed. {\"functionsResolution\":{\"declared\":true,\"installed\":true,\"version\":\"3.16.0\",\"resolution\":\"/home/tayyab/Documents/react/amazon-clone/functions/node_modules/firebase-functions/lib/index.js\"}}"}}
[debug] [2022-01-03T06:14:53.452Z] [runtime-status] [5763] Resolved module firebase-functions {"declared":true,"installed":true,"version":"3.16.0","resolution":"/home/tayyab/Documents/react/amazon-clone/functions/node_modules/firebase-functions/lib/index.js"} {"metadata":{"emulator":{"name":"functions"},"message":"[runtime-status] [5763] Resolved module firebase-functions {\"declared\":true,\"installed\":true,\"version\":\"3.16.0\",\"resolution\":\"/home/tayyab/Documents/react/amazon-clone/functions/node_modules/firebase-functions/lib/index.js\"}"}}
[debug] [2022-01-03T06:14:53.453Z] [runtime-status] [5763] Resolved module firebase-admin {"declared":true,"installed":true,"version":"9.12.0","resolution":"/home/tayyab/Documents/react/amazon-clone/functions/node_modules/firebase-admin/lib/index.js"} {"metadata":{"emulator":{"name":"functions"},"message":"[runtime-status] [5763] Resolved module firebase-admin {\"declared\":true,\"installed\":true,\"version\":\"9.12.0\",\"resolution\":\"/home/tayyab/Documents/react/amazon-clone/functions/node_modules/firebase-admin/lib/index.js\"}"}}
[debug] [2022-01-03T06:14:53.454Z] [runtime-status] [5763] Resolved module firebase-functions {"declared":true,"installed":true,"version":"3.16.0","resolution":"/home/tayyab/Documents/react/amazon-clone/functions/node_modules/firebase-functions/lib/index.js"} {"metadata":{"emulator":{"name":"functions"},"message":"[runtime-status] [5763] Resolved module firebase-functions {\"declared\":true,\"installed\":true,\"version\":\"3.16.0\",\"resolution\":\"/home/tayyab/Documents/react/amazon-clone/functions/node_modules/firebase-functions/lib/index.js\"}"}}
[debug] [2022-01-03T06:14:53.454Z] [runtime-status] [5763] firebase-admin has been stubbed. {"adminResolution":{"declared":true,"installed":true,"version":"9.12.0","resolution":"/home/tayyab/Documents/react/amazon-clone/functions/node_modules/firebase-admin/lib/index.js"}} {"metadata":{"emulator":{"name":"functions"},"message":"[runtime-status] [5763] firebase-admin has been stubbed. {\"adminResolution\":{\"declared\":true,\"installed\":true,\"version\":\"9.12.0\",\"resolution\":\"/home/tayyab/Documents/react/amazon-clone/functions/node_modules/firebase-admin/lib/index.js\"}}"}}
[debug] [2022-01-03T06:14:53.544Z] [worker-~diagnostic~-8b9fdb07-a845-49e3-8706-f94d84a18658]: IDLE {"metadata":{"emulator":{"name":"functions"},"message":"[worker-~diagnostic~-8b9fdb07-a845-49e3-8706-f94d84a18658]: IDLE"}}
[info] ✔  functions[us-central1-api]: http function initialized (http://localhost:5001/challenge-9bd86/us-central1/api). {"metadata":{"emulator":{"name":"functions"},"message":"\u001b[1mhttp\u001b[22m function initialized (http://localhost:5001/challenge-9bd86/us-central1/api)."}}
[info] 
┌─────────────────────────────────────────────────────────────┐
│ ✔  All emulators ready! It is now safe to connect your app. │
│ i  View Emulator UI at http://localhost:4000                │
└─────────────────────────────────────────────────────────────┘

┌───────────┬────────────────┬─────────────────────────────────┐
│ Emulator  │ Host:Port      │ View in Emulator UI             │
├───────────┼────────────────┼─────────────────────────────────┤
│ Functions │ localhost:5001 │ http://localhost:4000/functions │
├───────────┼────────────────┼─────────────────────────────────┤
│ Hosting   │ localhost:5000 │ n/a                             │
└───────────┴────────────────┴─────────────────────────────────┘
  Emulator Hub running at localhost:4400
  Other reserved ports: 4500

Issues? Report them at https://github.com/firebase/firebase-tools/issues and attach the *-debug.log files.
 
[debug] [2022-01-03T06:14:57.472Z] [work-queue] {"queueLength":1,"workRunningCount":0}
[debug] [2022-01-03T06:14:57.472Z] [work-queue] {"queueLength":0,"workRunningCount":1}
[debug] [2022-01-03T06:14:57.473Z] Accepted request GET /challenge-9bd86/us-central1/api --> us-central1-api
[debug] [2022-01-03T06:14:57.479Z] [worker-pool] addWorker(us-central1-api) {"metadata":{"emulator":{"name":"functions"},"message":"[worker-pool] addWorker(us-central1-api)"}}
[debug] [2022-01-03T06:14:57.480Z] [worker-pool] Adding worker with key us-central1-api, total=1 {"metadata":{"emulator":{"name":"functions"},"message":"[worker-pool] Adding worker with key us-central1-api, total=1"}}
[debug] [2022-01-03T06:14:57.480Z] [worker-pool] submitWork(triggerId=us-central1-api) {"metadata":{"emulator":{"name":"functions"},"message":"[worker-pool] submitWork(triggerId=us-central1-api)"}}
[debug] [2022-01-03T06:14:57.480Z] [worker-us-central1-api-d3821a74-6c8b-46ea-8d3a-cec96d2ce564]: Assigning socketPath: /tmp/fire_emu_5794.sock {"metadata":{"emulator":{"name":"functions"},"message":"[worker-us-central1-api-d3821a74-6c8b-46ea-8d3a-cec96d2ce564]: Assigning socketPath: /tmp/fire_emu_5794.sock"}}
[debug] [2022-01-03T06:14:57.480Z] [worker-us-central1-api-d3821a74-6c8b-46ea-8d3a-cec96d2ce564]: BUSY {"metadata":{"emulator":{"name":"functions"},"message":"[worker-us-central1-api-d3821a74-6c8b-46ea-8d3a-cec96d2ce564]: BUSY"}}
[debug] [2022-01-03T06:14:57.619Z] [runtime-status] [5794] Functions runtime initialized. {"cwd":"/home/tayyab/Documents/react/amazon-clone/functions","node_version":"14.18.2"} {"metadata":{"emulator":{"name":"functions"},"function":{"name":"us-central1-api"},"message":"[runtime-status] [5794] Functions runtime initialized. {\"cwd\":\"/home/tayyab/Documents/react/amazon-clone/functions\",\"node_version\":\"14.18.2\"}"}}
[debug] [2022-01-03T06:14:57.621Z] [runtime-status] [5794] Disabled runtime features: undefined {"metadata":{"emulator":{"name":"functions"},"function":{"name":"us-central1-api"},"message":"[runtime-status] [5794] Disabled runtime features: undefined"}}
[debug] [2022-01-03T06:14:57.623Z] [runtime-status] [5794] Resolved module firebase-admin {"declared":true,"installed":true,"version":"9.12.0","resolution":"/home/tayyab/Documents/react/amazon-clone/functions/node_modules/firebase-admin/lib/index.js"} {"metadata":{"emulator":{"name":"functions"},"function":{"name":"us-central1-api"},"message":"[runtime-status] [5794] Resolved module firebase-admin {\"declared\":true,\"installed\":true,\"version\":\"9.12.0\",\"resolution\":\"/home/tayyab/Documents/react/amazon-clone/functions/node_modules/firebase-admin/lib/index.js\"}"}}
[debug] [2022-01-03T06:14:57.626Z] [runtime-status] [5794] Resolved module firebase-functions {"declared":true,"installed":true,"version":"3.16.0","resolution":"/home/tayyab/Documents/react/amazon-clone/functions/node_modules/firebase-functions/lib/index.js"} {"metadata":{"emulator":{"name":"functions"},"function":{"name":"us-central1-api"},"message":"[runtime-status] [5794] Resolved module firebase-functions {\"declared\":true,\"installed\":true,\"version\":\"3.16.0\",\"resolution\":\"/home/tayyab/Documents/react/amazon-clone/functions/node_modules/firebase-functions/lib/index.js\"}"}}
[debug] [2022-01-03T06:14:57.627Z] [runtime-status] [5794] Outgoing network have been stubbed. [{"name":"http","status":"mocked"},{"name":"http","status":"mocked"},{"name":"https","status":"mocked"},{"name":"https","status":"mocked"},{"name":"net","status":"mocked"}] {"metadata":{"emulator":{"name":"functions"},"function":{"name":"us-central1-api"},"message":"[runtime-status] [5794] Outgoing network have been stubbed. [{\"name\":\"http\",\"status\":\"mocked\"},{\"name\":\"http\",\"status\":\"mocked\"},{\"name\":\"https\",\"status\":\"mocked\"},{\"name\":\"https\",\"status\":\"mocked\"},{\"name\":\"net\",\"status\":\"mocked\"}]"}}
[debug] [2022-01-03T06:14:57.628Z] [runtime-status] [5794] Resolved module firebase-functions {"declared":true,"installed":true,"version":"3.16.0","resolution":"/home/tayyab/Documents/react/amazon-clone/functions/node_modules/firebase-functions/lib/index.js"} {"metadata":{"emulator":{"name":"functions"},"function":{"name":"us-central1-api"},"message":"[runtime-status] [5794] Resolved module firebase-functions {\"declared\":true,\"installed\":true,\"version\":\"3.16.0\",\"resolution\":\"/home/tayyab/Documents/react/amazon-clone/functions/node_modules/firebase-functions/lib/index.js\"}"}}
[debug] [2022-01-03T06:14:57.678Z] [runtime-status] [5794] Checked functions.config() {"config":{}} {"metadata":{"emulator":{"name":"functions"},"function":{"name":"us-central1-api"},"message":"[runtime-status] [5794] Checked functions.config() {\"config\":{}}"}}
[debug] [2022-01-03T06:14:57.679Z] [runtime-status] [5794] firebase-functions has been stubbed. {"functionsResolution":{"declared":true,"installed":true,"version":"3.16.0","resolution":"/home/tayyab/Documents/react/amazon-clone/functions/node_modules/firebase-functions/lib/index.js"}} {"metadata":{"emulator":{"name":"functions"},"function":{"name":"us-central1-api"},"message":"[runtime-status] [5794] firebase-functions has been stubbed. {\"functionsResolution\":{\"declared\":true,\"installed\":true,\"version\":\"3.16.0\",\"resolution\":\"/home/tayyab/Documents/react/amazon-clone/functions/node_modules/firebase-functions/lib/index.js\"}}"}}
[debug] [2022-01-03T06:14:57.679Z] [runtime-status] [5794] Resolved module firebase-functions {"declared":true,"installed":true,"version":"3.16.0","resolution":"/home/tayyab/Documents/react/amazon-clone/functions/node_modules/firebase-functions/lib/index.js"} {"metadata":{"emulator":{"name":"functions"},"function":{"name":"us-central1-api"},"message":"[runtime-status] [5794] Resolved module firebase-functions {\"declared\":true,\"installed\":true,\"version\":\"3.16.0\",\"resolution\":\"/home/tayyab/Documents/react/amazon-clone/functions/node_modules/firebase-functions/lib/index.js\"}"}}
[debug] [2022-01-03T06:14:57.680Z] [runtime-status] [5794] Resolved module firebase-admin {"declared":true,"installed":true,"version":"9.12.0","resolution":"/home/tayyab/Documents/react/amazon-clone/functions/node_modules/firebase-admin/lib/index.js"} {"metadata":{"emulator":{"name":"functions"},"function":{"name":"us-central1-api"},"message":"[runtime-status] [5794] Resolved module firebase-admin {\"declared\":true,\"installed\":true,\"version\":\"9.12.0\",\"resolution\":\"/home/tayyab/Documents/react/amazon-clone/functions/node_modules/firebase-admin/lib/index.js\"}"}}
[debug] [2022-01-03T06:14:57.681Z] [runtime-status] [5794] Resolved module firebase-functions {"declared":true,"installed":true,"version":"3.16.0","resolution":"/home/tayyab/Documents/react/amazon-clone/functions/node_modules/firebase-functions/lib/index.js"} {"metadata":{"emulator":{"name":"functions"},"function":{"name":"us-central1-api"},"message":"[runtime-status] [5794] Resolved module firebase-functions {\"declared\":true,\"installed\":true,\"version\":\"3.16.0\",\"resolution\":\"/home/tayyab/Documents/react/amazon-clone/functions/node_modules/firebase-functions/lib/index.js\"}"}}
[debug] [2022-01-03T06:14:57.681Z] [runtime-status] [5794] firebase-admin has been stubbed. {"adminResolution":{"declared":true,"installed":true,"version":"9.12.0","resolution":"/home/tayyab/Documents/react/amazon-clone/functions/node_modules/firebase-admin/lib/index.js"}} {"metadata":{"emulator":{"name":"functions"},"function":{"name":"us-central1-api"},"message":"[runtime-status] [5794] firebase-admin has been stubbed. {\"adminResolution\":{\"declared\":true,\"installed\":true,\"version\":\"9.12.0\",\"resolution\":\"/home/tayyab/Documents/react/amazon-clone/functions/node_modules/firebase-admin/lib/index.js\"}}"}}
[debug] [2022-01-03T06:14:57.780Z] [runtime-status] [5794] Trigger "us-central1-api" has been found, beginning invocation! {"metadata":{"emulator":{"name":"functions"},"function":{"name":"us-central1-api"},"message":"[runtime-status] [5794] Trigger \"us-central1-api\" has been found, beginning invocation!"}}
[info] i  functions: Beginning execution of "us-central1-api" {"metadata":{"emulator":{"name":"functions"},"function":{"name":"us-central1-api"},"message":"Beginning execution of \"us-central1-api\""}}
[debug] [2022-01-03T06:14:57.781Z] [runtime-status] [5794] triggerDefinition {"httpsTrigger":{},"name":"api","entryPoint":"api","regions":["us-central1"],"region":"us-central1","id":"us-central1-api","platform":"gcfv1"} {"metadata":{"emulator":{"name":"functions"},"function":{"name":"us-central1-api"},"message":"[runtime-status] [5794] triggerDefinition {\"httpsTrigger\":{},\"name\":\"api\",\"entryPoint\":\"api\",\"regions\":[\"us-central1\"],\"region\":\"us-central1\",\"id\":\"us-central1-api\",\"platform\":\"gcfv1\"}"}}
[debug] [2022-01-03T06:14:57.782Z] [runtime-status] [5794] Running us-central1-api in signature http {"metadata":{"emulator":{"name":"functions"},"function":{"name":"us-central1-api"},"message":"[runtime-status] [5794] Running us-central1-api in signature http"}}
[debug] [2022-01-03T06:14:57.786Z] [runtime-status] [5794] Attempting to listen to socketPath: /tmp/fire_emu_5794.sock {"metadata":{"emulator":{"name":"functions"},"function":{"name":"us-central1-api"},"message":"[runtime-status] [5794] Attempting to listen to socketPath: /tmp/fire_emu_5794.sock"}}
[debug] [2022-01-03T06:14:57.793Z] [functions] Runtime ready! Sending request! {"metadata":{"emulator":{"name":"functions"},"message":"[functions] Runtime ready! Sending request!"}}
[debug] [2022-01-03T06:14:57.794Z] [functions] Got req.url=/challenge-9bd86/us-central1/api, mapping to path=/ {"metadata":{"emulator":{"name":"functions"},"message":"[functions] Got req.url=/challenge-9bd86/us-central1/api, mapping to path=/"}}
[debug] [2022-01-03T06:14:57.808Z] [runtime-status] [5794] Ephemeral server handling GET request {"metadata":{"emulator":{"name":"functions"},"function":{"name":"us-central1-api"},"message":"[runtime-status] [5794] Ephemeral server handling GET request"}}
[debug] [2022-01-03T06:14:57.818Z] [runtime-status] [5794] Ephemeral server survived. {"metadata":{"emulator":{"name":"functions"},"function":{"name":"us-central1-api"},"message":"[runtime-status] [5794] Ephemeral server survived."}}
[info] i  functions: Finished "us-central1-api" in ~1s {"metadata":{"emulator":{"name":"functions"},"function":{"name":"us-central1-api"},"message":"Finished \"us-central1-api\" in ~1s"}}
[debug] [2022-01-03T06:14:57.820Z] [worker-us-central1-api-d3821a74-6c8b-46ea-8d3a-cec96d2ce564]: IDLE {"metadata":{"emulator":{"name":"functions"},"message":"[worker-us-central1-api-d3821a74-6c8b-46ea-8d3a-cec96d2ce564]: IDLE"}}
[debug] [2022-01-03T06:14:57.821Z] [work-queue] {"queueLength":0,"workRunningCount":0}
[debug] [2022-01-03T06:14:57.925Z] Functions emulator received unknown request at path /favicon.ico
[debug] [2022-01-03T06:15:10.893Z] [work-queue] {"queueLength":1,"workRunningCount":0}
[debug] [2022-01-03T06:15:10.893Z] [work-queue] {"queueLength":0,"workRunningCount":1}
[debug] [2022-01-03T06:15:10.894Z] Accepted request POST /challenge-9bd86/us-central1/api/payments/create?total=8997 --> us-central1-api
[debug] [2022-01-03T06:15:10.894Z] [worker-pool] submitWork(triggerId=us-central1-api) {"metadata":{"emulator":{"name":"functions"},"message":"[worker-pool] submitWork(triggerId=us-central1-api)"}}
[debug] [2022-01-03T06:15:10.894Z] [worker-us-central1-api-d3821a74-6c8b-46ea-8d3a-cec96d2ce564]: Assigning socketPath: /tmp/fire_emu_5794.sock {"metadata":{"emulator":{"name":"functions"},"message":"[worker-us-central1-api-d3821a74-6c8b-46ea-8d3a-cec96d2ce564]: Assigning socketPath: /tmp/fire_emu_5794.sock"}}
[debug] [2022-01-03T06:15:10.894Z] [worker-us-central1-api-d3821a74-6c8b-46ea-8d3a-cec96d2ce564]: BUSY {"metadata":{"emulator":{"name":"functions"},"message":"[worker-us-central1-api-d3821a74-6c8b-46ea-8d3a-cec96d2ce564]: BUSY"}}
[debug] [2022-01-03T06:15:10.897Z] [runtime-status] [5794] Trigger "us-central1-api" has been found, beginning invocation! {"metadata":{"emulator":{"name":"functions"},"function":{"name":"us-central1-api"},"message":"[runtime-status] [5794] Trigger \"us-central1-api\" has been found, beginning invocation!"}}
[info] i  functions: Beginning execution of "us-central1-api" {"metadata":{"emulator":{"name":"functions"},"function":{"name":"us-central1-api"},"message":"Beginning execution of \"us-central1-api\""}}
[debug] [2022-01-03T06:15:10.898Z] [runtime-status] [5794] triggerDefinition {"httpsTrigger":{},"name":"api","entryPoint":"api","regions":["us-central1"],"region":"us-central1","id":"us-central1-api","platform":"gcfv1"} {"metadata":{"emulator":{"name":"functions"},"function":{"name":"us-central1-api"},"message":"[runtime-status] [5794] triggerDefinition {\"httpsTrigger\":{},\"name\":\"api\",\"entryPoint\":\"api\",\"regions\":[\"us-central1\"],\"region\":\"us-central1\",\"id\":\"us-central1-api\",\"platform\":\"gcfv1\"}"}}
[debug] [2022-01-03T06:15:10.899Z] [runtime-status] [5794] Running us-central1-api in signature http {"metadata":{"emulator":{"name":"functions"},"function":{"name":"us-central1-api"},"message":"[runtime-status] [5794] Running us-central1-api in signature http"}}
[debug] [2022-01-03T06:15:10.899Z] [runtime-status] [5794] Attempting to listen to socketPath: /tmp/fire_emu_5794.sock {"metadata":{"emulator":{"name":"functions"},"function":{"name":"us-central1-api"},"message":"[runtime-status] [5794] Attempting to listen to socketPath: /tmp/fire_emu_5794.sock"}}
[debug] [2022-01-03T06:15:10.903Z] [functions] Runtime ready! Sending request! {"metadata":{"emulator":{"name":"functions"},"message":"[functions] Runtime ready! Sending request!"}}
[debug] [2022-01-03T06:15:10.904Z] [functions] Got req.url=/challenge-9bd86/us-central1/api/payments/create?total=8997, mapping to path=/payments/create?total=8997 {"metadata":{"emulator":{"name":"functions"},"message":"[functions] Got req.url=/challenge-9bd86/us-central1/api/payments/create?total=8997, mapping to path=/payments/create?total=8997"}}
[debug] [2022-01-03T06:15:10.916Z] [runtime-status] [5794] Ephemeral server handling POST request {"metadata":{"emulator":{"name":"functions"},"function":{"name":"us-central1-api"},"message":"[runtime-status] [5794] Ephemeral server handling POST request"}}
[info] >  Payment Request Recieved for this amount >>> 8997 {"user":"Payment Request Recieved for this amount >>> 8997","metadata":{"emulator":{"name":"functions"},"function":{"name":"us-central1-api"},"message":"\u001b[90m> \u001b[39m Payment Request Recieved for this amount >>> 8997"}}
[debug] [2022-01-03T06:15:10.923Z] [runtime-status] [5794] Ephemeral server survived. {"metadata":{"emulator":{"name":"functions"},"function":{"name":"us-central1-api"},"message":"[runtime-status] [5794] Ephemeral server survived."}}
[info] i  functions: Finished "us-central1-api" in ~1s {"metadata":{"emulator":{"name":"functions"},"function":{"name":"us-central1-api"},"message":"Finished \"us-central1-api\" in ~1s"}}
[debug] [2022-01-03T06:15:12.432Z] [worker-us-central1-api-d3821a74-6c8b-46ea-8d3a-cec96d2ce564]: IDLE {"metadata":{"emulator":{"name":"functions"},"message":"[worker-us-central1-api-d3821a74-6c8b-46ea-8d3a-cec96d2ce564]: IDLE"}}
[debug] [2022-01-03T06:15:12.432Z] [work-queue] {"queueLength":0,"workRunningCount":0}
